C:\DATA\USER\DOCUMENTS\VISUAL STUDIO 2012\PROJECTS\C++\ALLEGRO\VECTORASTEROIDS\VECTORASTEROIDS\DEBUG\CONTROLERS.OBJ
C:\DATA\USER\DOCUMENTS\VISUAL STUDIO 2012\PROJECTS\C++\ALLEGRO\VECTORASTEROIDS\VECTORASTEROIDS\DEBUG\ENTITY.OBJ
C:\DATA\USER\DOCUMENTS\VISUAL STUDIO 2012\PROJECTS\C++\ALLEGRO\VECTORASTEROIDS\VECTORASTEROIDS\DEBUG\HUD.OBJ
C:\DATA\USER\DOCUMENTS\VISUAL STUDIO 2012\PROJECTS\C++\ALLEGRO\VECTORASTEROIDS\VECTORASTEROIDS\DEBUG\LARGEROCK.OBJ
C:\DATA\USER\DOCUMENTS\VISUAL STUDIO 2012\PROJECTS\C++\ALLEGRO\VECTORASTEROIDS\VECTORASTEROIDS\DEBUG\LARGEUFO.OBJ
C:\DATA\USER\DOCUMENTS\VISUAL STUDIO 2012\PROJECTS\C++\ALLEGRO\VECTORASTEROIDS\VECTORASTEROIDS\DEBUG\MEDIUMROCK.OBJ
C:\DATA\USER\DOCUMENTS\VISUAL STUDIO 2012\PROJECTS\C++\ALLEGRO\VECTORASTEROIDS\VECTORASTEROIDS\DEBUG\PLAYER.OBJ
C:\DATA\USER\DOCUMENTS\VISUAL STUDIO 2012\PROJECTS\C++\ALLEGRO\VECTORASTEROIDS\VECTORASTEROIDS\DEBUG\PLAYERCHECK.OBJ
C:\DATA\USER\DOCUMENTS\VISUAL STUDIO 2012\PROJECTS\C++\ALLEGRO\VECTORASTEROIDS\VECTORASTEROIDS\DEBUG\PLAYERSHOT.OBJ
C:\DATA\USER\DOCUMENTS\VISUAL STUDIO 2012\PROJECTS\C++\ALLEGRO\VECTORASTEROIDS\VECTORASTEROIDS\DEBUG\ROCK.OBJ
C:\DATA\USER\DOCUMENTS\VISUAL STUDIO 2012\PROJECTS\C++\ALLEGRO\VECTORASTEROIDS\VECTORASTEROIDS\DEBUG\ROCKCONTROLLER.OBJ
C:\DATA\USER\DOCUMENTS\VISUAL STUDIO 2012\PROJECTS\C++\ALLEGRO\VECTORASTEROIDS\VECTORASTEROIDS\DEBUG\SHOT.OBJ
C:\DATA\USER\DOCUMENTS\VISUAL STUDIO 2012\PROJECTS\C++\ALLEGRO\VECTORASTEROIDS\VECTORASTEROIDS\DEBUG\SMALLROCK.OBJ
C:\DATA\USER\DOCUMENTS\VISUAL STUDIO 2012\PROJECTS\C++\ALLEGRO\VECTORASTEROIDS\VECTORASTEROIDS\DEBUG\SMALLUFO.OBJ
C:\DATA\USER\DOCUMENTS\VISUAL STUDIO 2012\PROJECTS\C++\ALLEGRO\VECTORASTEROIDS\VECTORASTEROIDS\DEBUG\STDAFX.OBJ
C:\DATA\USER\DOCUMENTS\VISUAL STUDIO 2012\PROJECTS\C++\ALLEGRO\VECTORASTEROIDS\VECTORASTEROIDS\DEBUG\UFO.OBJ
C:\DATA\USER\DOCUMENTS\VISUAL STUDIO 2012\PROJECTS\C++\ALLEGRO\VECTORASTEROIDS\VECTORASTEROIDS\DEBUG\UFOSHOT.OBJ
C:\DATA\USER\DOCUMENTS\VISUAL STUDIO 2012\PROJECTS\C++\ALLEGRO\VECTORASTEROIDS\VECTORASTEROIDS\DEBUG\VECTORASTEROIDS.OBJ
C:\DATA\USER\DOCUMENTS\VISUAL STUDIO 2012\PROJECTS\C++\ALLEGRO\VECTORASTEROIDS\VECTORASTEROIDS\DEBUG\VC110.PDB
C:\DATA\USER\DOCUMENTS\VISUAL STUDIO 2012\PROJECTS\C++\ALLEGRO\VECTORASTEROIDS\VECTORASTEROIDS\DEBUG\UFOCONTROLLER.OBJ
C:\DATA\USER\DOCUMENTS\VISUAL STUDIO 2012\PROJECTS\C++\ALLEGRO\VECTORASTEROIDS\VECTORASTEROIDS\DEBUG\CONTROLLERS.OBJ
C:\DATA\USER\DOCUMENTS\VISUAL STUDIO 2012\PROJECTS\C++\ALLEGRO\VECTORASTEROIDS\VECTORASTEROIDS\DEBUG\DOT.OBJ
C:\DATA\USER\DOCUMENTS\VISUAL STUDIO 2012\PROJECTS\C++\ALLEGRO\VECTORASTEROIDS\VECTORASTEROIDS\DEBUG\EXPLOSION.OBJ
C:\DATA\USER\DOCUMENTS\VISUAL STUDIO 2012\PROJECTS\C++\ALLEGRO\VECTORASTEROIDS\DEBUG\VECTORASTEROIDS.ILK
C:\DATA\USER\DOCUMENTS\VISUAL STUDIO 2012\PROJECTS\C++\ALLEGRO\VECTORASTEROIDS\DEBUG\VECTORASTEROIDS.EXE
C:\DATA\USER\DOCUMENTS\VISUAL STUDIO 2012\PROJECTS\C++\ALLEGRO\VECTORASTEROIDS\DEBUG\VECTORASTEROIDS.PDB
C:\Data\User\Documents\Visual Studio 2012\Projects\C++\Allegro\VectorAsteroids\VectorAsteroids\Debug\Controlers.obj
C:\Data\User\Documents\Visual Studio 2012\Projects\C++\Allegro\VectorAsteroids\VectorAsteroids\Debug\Controllers.obj
C:\Data\User\Documents\Visual Studio 2012\Projects\C++\Allegro\VectorAsteroids\VectorAsteroids\Debug\Dot.obj
C:\Data\User\Documents\Visual Studio 2012\Projects\C++\Allegro\VectorAsteroids\VectorAsteroids\Debug\Entity.obj
C:\Data\User\Documents\Visual Studio 2012\Projects\C++\Allegro\VectorAsteroids\VectorAsteroids\Debug\Explosion.obj
C:\Data\User\Documents\Visual Studio 2012\Projects\C++\Allegro\VectorAsteroids\VectorAsteroids\Debug\HUD.obj
C:\Data\User\Documents\Visual Studio 2012\Projects\C++\Allegro\VectorAsteroids\VectorAsteroids\Debug\LargeRock.obj
C:\Data\User\Documents\Visual Studio 2012\Projects\C++\Allegro\VectorAsteroids\VectorAsteroids\Debug\LargeUFO.obj
C:\Data\User\Documents\Visual Studio 2012\Projects\C++\Allegro\VectorAsteroids\VectorAsteroids\Debug\MediumRock.obj
C:\Data\User\Documents\Visual Studio 2012\Projects\C++\Allegro\VectorAsteroids\VectorAsteroids\Debug\Player.obj
C:\Data\User\Documents\Visual Studio 2012\Projects\C++\Allegro\VectorAsteroids\VectorAsteroids\Debug\PlayerCheck.obj
C:\Data\User\Documents\Visual Studio 2012\Projects\C++\Allegro\VectorAsteroids\VectorAsteroids\Debug\PlayerShot.obj
C:\Data\User\Documents\Visual Studio 2012\Projects\C++\Allegro\VectorAsteroids\VectorAsteroids\Debug\Rock.obj
C:\Data\User\Documents\Visual Studio 2012\Projects\C++\Allegro\VectorAsteroids\VectorAsteroids\Debug\RockController.obj
C:\Data\User\Documents\Visual Studio 2012\Projects\C++\Allegro\VectorAsteroids\VectorAsteroids\Debug\Shot.obj
C:\Data\User\Documents\Visual Studio 2012\Projects\C++\Allegro\VectorAsteroids\VectorAsteroids\Debug\SmallRock.obj
C:\Data\User\Documents\Visual Studio 2012\Projects\C++\Allegro\VectorAsteroids\VectorAsteroids\Debug\SmallUFO.obj
C:\Data\User\Documents\Visual Studio 2012\Projects\C++\Allegro\VectorAsteroids\VectorAsteroids\Debug\stdafx.obj
C:\Data\User\Documents\Visual Studio 2012\Projects\C++\Allegro\VectorAsteroids\VectorAsteroids\Debug\UFO.obj
C:\Data\User\Documents\Visual Studio 2012\Projects\C++\Allegro\VectorAsteroids\VectorAsteroids\Debug\UFOController.obj
C:\Data\User\Documents\Visual Studio 2012\Projects\C++\Allegro\VectorAsteroids\VectorAsteroids\Debug\UFOShot.obj
C:\Data\User\Documents\Visual Studio 2012\Projects\C++\Allegro\VectorAsteroids\VectorAsteroids\Debug\VectorAsteroids.obj
C:\Data\User\Documents\Visual Studio 2012\Projects\C++\Allegro\VectorAsteroids\VectorAsteroids\Debug\cl.command.1.tlog
C:\Data\User\Documents\Visual Studio 2012\Projects\C++\Allegro\VectorAsteroids\VectorAsteroids\Debug\CL.read.1.tlog
C:\Data\User\Documents\Visual Studio 2012\Projects\C++\Allegro\VectorAsteroids\VectorAsteroids\Debug\CL.write.1.tlog
C:\Data\User\Documents\Visual Studio 2012\Projects\C++\Allegro\VectorAsteroids\VectorAsteroids\Debug\link-cvtres.read.1.tlog
C:\Data\User\Documents\Visual Studio 2012\Projects\C++\Allegro\VectorAsteroids\VectorAsteroids\Debug\link-cvtres.write.1.tlog
C:\Data\User\Documents\Visual Studio 2012\Projects\C++\Allegro\VectorAsteroids\VectorAsteroids\Debug\link-rc.read.1.tlog
C:\Data\User\Documents\Visual Studio 2012\Projects\C++\Allegro\VectorAsteroids\VectorAsteroids\Debug\link-rc.write.1.tlog
C:\Data\User\Documents\Visual Studio 2012\Projects\C++\Allegro\VectorAsteroids\VectorAsteroids\Debug\link.1208-cvtres.read.1.tlog
C:\Data\User\Documents\Visual Studio 2012\Projects\C++\Allegro\VectorAsteroids\VectorAsteroids\Debug\link.1208-cvtres.write.1.tlog
C:\Data\User\Documents\Visual Studio 2012\Projects\C++\Allegro\VectorAsteroids\VectorAsteroids\Debug\link.1208-rc.read.1.tlog
C:\Data\User\Documents\Visual Studio 2012\Projects\C++\Allegro\VectorAsteroids\VectorAsteroids\Debug\link.1208-rc.write.1.tlog
C:\Data\User\Documents\Visual Studio 2012\Projects\C++\Allegro\VectorAsteroids\VectorAsteroids\Debug\link.1208.read.1.tlog
C:\Data\User\Documents\Visual Studio 2012\Projects\C++\Allegro\VectorAsteroids\VectorAsteroids\Debug\link.1208.write.1.tlog
C:\Data\User\Documents\Visual Studio 2012\Projects\C++\Allegro\VectorAsteroids\VectorAsteroids\Debug\link.5036-cvtres.read.1.tlog
C:\Data\User\Documents\Visual Studio 2012\Projects\C++\Allegro\VectorAsteroids\VectorAsteroids\Debug\link.5036-cvtres.write.1.tlog
C:\Data\User\Documents\Visual Studio 2012\Projects\C++\Allegro\VectorAsteroids\VectorAsteroids\Debug\link.5036-rc.read.1.tlog
C:\Data\User\Documents\Visual Studio 2012\Projects\C++\Allegro\VectorAsteroids\VectorAsteroids\Debug\link.5036-rc.write.1.tlog
C:\Data\User\Documents\Visual Studio 2012\Projects\C++\Allegro\VectorAsteroids\VectorAsteroids\Debug\link.5036.read.1.tlog
C:\Data\User\Documents\Visual Studio 2012\Projects\C++\Allegro\VectorAsteroids\VectorAsteroids\Debug\link.5036.write.1.tlog
C:\Data\User\Documents\Visual Studio 2012\Projects\C++\Allegro\VectorAsteroids\VectorAsteroids\Debug\link.5580-cvtres.read.1.tlog
C:\Data\User\Documents\Visual Studio 2012\Projects\C++\Allegro\VectorAsteroids\VectorAsteroids\Debug\link.5580-cvtres.write.1.tlog
C:\Data\User\Documents\Visual Studio 2012\Projects\C++\Allegro\VectorAsteroids\VectorAsteroids\Debug\link.5580-rc.read.1.tlog
C:\Data\User\Documents\Visual Studio 2012\Projects\C++\Allegro\VectorAsteroids\VectorAsteroids\Debug\link.5580-rc.write.1.tlog
C:\Data\User\Documents\Visual Studio 2012\Projects\C++\Allegro\VectorAsteroids\VectorAsteroids\Debug\link.5580.read.1.tlog
C:\Data\User\Documents\Visual Studio 2012\Projects\C++\Allegro\VectorAsteroids\VectorAsteroids\Debug\link.5580.write.1.tlog
C:\Data\User\Documents\Visual Studio 2012\Projects\C++\Allegro\VectorAsteroids\VectorAsteroids\Debug\link.5648-cvtres.read.1.tlog
C:\Data\User\Documents\Visual Studio 2012\Projects\C++\Allegro\VectorAsteroids\VectorAsteroids\Debug\link.5648-cvtres.write.1.tlog
C:\Data\User\Documents\Visual Studio 2012\Projects\C++\Allegro\VectorAsteroids\VectorAsteroids\Debug\link.5648-rc.read.1.tlog
C:\Data\User\Documents\Visual Studio 2012\Projects\C++\Allegro\VectorAsteroids\VectorAsteroids\Debug\link.5648-rc.write.1.tlog
C:\Data\User\Documents\Visual Studio 2012\Projects\C++\Allegro\VectorAsteroids\VectorAsteroids\Debug\link.5648.read.1.tlog
C:\Data\User\Documents\Visual Studio 2012\Projects\C++\Allegro\VectorAsteroids\VectorAsteroids\Debug\link.5648.write.1.tlog
C:\Data\User\Documents\Visual Studio 2012\Projects\C++\Allegro\VectorAsteroids\VectorAsteroids\Debug\link.6648-cvtres.read.1.tlog
C:\Data\User\Documents\Visual Studio 2012\Projects\C++\Allegro\VectorAsteroids\VectorAsteroids\Debug\link.6648-cvtres.write.1.tlog
C:\Data\User\Documents\Visual Studio 2012\Projects\C++\Allegro\VectorAsteroids\VectorAsteroids\Debug\link.6648-rc.read.1.tlog
C:\Data\User\Documents\Visual Studio 2012\Projects\C++\Allegro\VectorAsteroids\VectorAsteroids\Debug\link.6648-rc.write.1.tlog
C:\Data\User\Documents\Visual Studio 2012\Projects\C++\Allegro\VectorAsteroids\VectorAsteroids\Debug\link.6648.read.1.tlog
C:\Data\User\Documents\Visual Studio 2012\Projects\C++\Allegro\VectorAsteroids\VectorAsteroids\Debug\link.6648.write.1.tlog
C:\Data\User\Documents\Visual Studio 2012\Projects\C++\Allegro\VectorAsteroids\VectorAsteroids\Debug\link.7272-cvtres.read.1.tlog
C:\Data\User\Documents\Visual Studio 2012\Projects\C++\Allegro\VectorAsteroids\VectorAsteroids\Debug\link.7272-cvtres.write.1.tlog
C:\Data\User\Documents\Visual Studio 2012\Projects\C++\Allegro\VectorAsteroids\VectorAsteroids\Debug\link.7272-rc.read.1.tlog
C:\Data\User\Documents\Visual Studio 2012\Projects\C++\Allegro\VectorAsteroids\VectorAsteroids\Debug\link.7272-rc.write.1.tlog
C:\Data\User\Documents\Visual Studio 2012\Projects\C++\Allegro\VectorAsteroids\VectorAsteroids\Debug\link.7272.read.1.tlog
C:\Data\User\Documents\Visual Studio 2012\Projects\C++\Allegro\VectorAsteroids\VectorAsteroids\Debug\link.7272.write.1.tlog
C:\Data\User\Documents\Visual Studio 2012\Projects\C++\Allegro\VectorAsteroids\VectorAsteroids\Debug\link.7428-cvtres.read.1.tlog
C:\Data\User\Documents\Visual Studio 2012\Projects\C++\Allegro\VectorAsteroids\VectorAsteroids\Debug\link.7428-cvtres.write.1.tlog
C:\Data\User\Documents\Visual Studio 2012\Projects\C++\Allegro\VectorAsteroids\VectorAsteroids\Debug\link.7428-rc.read.1.tlog
C:\Data\User\Documents\Visual Studio 2012\Projects\C++\Allegro\VectorAsteroids\VectorAsteroids\Debug\link.7428-rc.write.1.tlog
C:\Data\User\Documents\Visual Studio 2012\Projects\C++\Allegro\VectorAsteroids\VectorAsteroids\Debug\link.7428.read.1.tlog
C:\Data\User\Documents\Visual Studio 2012\Projects\C++\Allegro\VectorAsteroids\VectorAsteroids\Debug\link.7428.write.1.tlog
C:\Data\User\Documents\Visual Studio 2012\Projects\C++\Allegro\VectorAsteroids\VectorAsteroids\Debug\link.8136-cvtres.read.1.tlog
C:\Data\User\Documents\Visual Studio 2012\Projects\C++\Allegro\VectorAsteroids\VectorAsteroids\Debug\link.8136-cvtres.write.1.tlog
C:\Data\User\Documents\Visual Studio 2012\Projects\C++\Allegro\VectorAsteroids\VectorAsteroids\Debug\link.8136-rc.read.1.tlog
C:\Data\User\Documents\Visual Studio 2012\Projects\C++\Allegro\VectorAsteroids\VectorAsteroids\Debug\link.8136-rc.write.1.tlog
C:\Data\User\Documents\Visual Studio 2012\Projects\C++\Allegro\VectorAsteroids\VectorAsteroids\Debug\link.8136.read.1.tlog
C:\Data\User\Documents\Visual Studio 2012\Projects\C++\Allegro\VectorAsteroids\VectorAsteroids\Debug\link.8136.write.1.tlog
C:\Data\User\Documents\Visual Studio 2012\Projects\C++\Allegro\VectorAsteroids\VectorAsteroids\Debug\link.command.1.tlog
C:\Data\User\Documents\Visual Studio 2012\Projects\C++\Allegro\VectorAsteroids\VectorAsteroids\Debug\link.read.1.tlog
C:\Data\User\Documents\Visual Studio 2012\Projects\C++\Allegro\VectorAsteroids\VectorAsteroids\Debug\link.write.1.tlog
C:\Data\User\Documents\Visual Studio 2012\Projects\C++\Allegro\VectorAsteroids\VectorAsteroids\Debug\vc110.idb
C:\Data\User\Documents\Visual Studio 2012\Projects\C++\Allegro\VectorAsteroids\VectorAsteroids\Debug\vc110.pdb
C:\Data\User\Documents\Visual Studio 2012\Projects\C++\Allegro\VectorAsteroids\Debug\VectorAsteroids.pdb
C:\Data\User\Documents\Visual Studio 2012\Projects\C++\Allegro\VectorAsteroids\Debug\VectorAsteroids.exe
C:\Data\User\Documents\Visual Studio 2012\Projects\C++\Allegro\VectorAsteroids\Debug\VectorAsteroids.ilk
