Build started 2/21/2013 9:11:13 PM.
     1>Project "C:\Data\User\Documents\Visual Studio 2012\Projects\C++\Allegro\VectorAsteroids\VectorAsteroids\VectorAsteroids.vcxproj" on node 2 (Build target(s)).
     1>ClCompile:
         C:\Program Files (x86)\Microsoft Visual Studio 11.0\VC\bin\CL.exe /c /I"C:\Data\User\Documents\Visual Studio 2012\allegro\include" /ZI /nologo /W3 /WX- /Od /Oy- /D WIN32 /D _DEBUG /D _CONSOLE /D _UNICODE /D UNICODE /Gm /EHsc /RTC1 /MDd /GS /fp:precise /Zc:wchar_t /Zc:forScope /Fo"Debug\\" /Fd"Debug\vc110.pdb" /Gd /TP /analyze- /errorReport:prompt Player.cpp
         Player.cpp
       Link:
         C:\Program Files (x86)\Microsoft Visual Studio 11.0\VC\bin\link.exe /ERRORREPORT:PROMPT /OUT:"C:\Data\User\Documents\Visual Studio 2012\Projects\C++\Allegro\VectorAsteroids\Debug\VectorAsteroids.exe" /INCREMENTAL /NOLOGO /LIBPATH:"C:\Data\User\Documents\Visual Studio 2012\allegro\lib" "allegro-5.0.8-md-debug.lib" "allegro_ttf-5.0.8-md-debug.lib" "allegro_primitives-5.0.8-md-debug.lib" "allegro_font-5.0.8-md-debug.lib" "allegro_acodec-5.0.8-md-debug.lib" "allegro_audio-5.0.8-md-debug.lib" kernel32.lib user32.lib gdi32.lib winspool.lib comdlg32.lib advapi32.lib shell32.lib ole32.lib oleaut32.lib uuid.lib odbc32.lib odbccp32.lib /MANIFEST /MANIFESTUAC:"level='asInvoker' uiAccess='false'" /manifest:embed /DEBUG /PDB:"C:\Data\User\Documents\Visual Studio 2012\Projects\C++\Allegro\VectorAsteroids\Debug\VectorAsteroids.pdb" /SUBSYSTEM:CONSOLE /TLBID:1 /DYNAMICBASE /NXCOMPAT /IMPLIB:"C:\Data\User\Documents\Visual Studio 2012\Projects\C++\Allegro\VectorAsteroids\Debug\VectorAsteroids.lib" /MACHINE:X86 Debug\Controllers.obj
         Debug\Dot.obj
         Debug\Entity.obj
         Debug\HUD.obj
         Debug\LargeRock.obj
         Debug\LargeUFO.obj
         Debug\MediumRock.obj
         Debug\Player.obj
         Debug\PlayerCheck.obj
         Debug\PlayerShot.obj
         Debug\Rock.obj
         Debug\RockController.obj
         Debug\Explosion.obj
         Debug\Shot.obj
         Debug\SmallRock.obj
         Debug\SmallUFO.obj
         Debug\stdafx.obj
         Debug\UFO.obj
         Debug\UFOController.obj
         Debug\UFOShot.obj
         Debug\VectorAsteroids.obj
         VectorAsteroids.vcxproj -> C:\Data\User\Documents\Visual Studio 2012\Projects\C++\Allegro\VectorAsteroids\Debug\VectorAsteroids.exe
     1>Done Building Project "C:\Data\User\Documents\Visual Studio 2012\Projects\C++\Allegro\VectorAsteroids\VectorAsteroids\VectorAsteroids.vcxproj" (Build target(s)).

Build succeeded.

Time Elapsed 00:00:04.27
