C:\DATA\USER\DOCUMENTS\VISUAL STUDIO 2012\PROJECTS\C++\ALLEGRO\VECTORASTEROIDS\VECTORASTEROIDS\RELEASE\UFOSHOT.OBJ
C:\DATA\USER\DOCUMENTS\VISUAL STUDIO 2012\PROJECTS\C++\ALLEGRO\VECTORASTEROIDS\VECTORASTEROIDS\RELEASE\UFOCONTROLLER.OBJ
C:\DATA\USER\DOCUMENTS\VISUAL STUDIO 2012\PROJECTS\C++\ALLEGRO\VECTORASTEROIDS\VECTORASTEROIDS\RELEASE\UFO.OBJ
C:\DATA\USER\DOCUMENTS\VISUAL STUDIO 2012\PROJECTS\C++\ALLEGRO\VECTORASTEROIDS\VECTORASTEROIDS\RELEASE\STDAFX.OBJ
C:\DATA\USER\DOCUMENTS\VISUAL STUDIO 2012\PROJECTS\C++\ALLEGRO\VECTORASTEROIDS\VECTORASTEROIDS\RELEASE\SMALLUFO.OBJ
C:\DATA\USER\DOCUMENTS\VISUAL STUDIO 2012\PROJECTS\C++\ALLEGRO\VECTORASTEROIDS\VECTORASTEROIDS\RELEASE\SMALLROCK.OBJ
C:\DATA\USER\DOCUMENTS\VISUAL STUDIO 2012\PROJECTS\C++\ALLEGRO\VECTORASTEROIDS\VECTORASTEROIDS\RELEASE\SHOT.OBJ
C:\DATA\USER\DOCUMENTS\VISUAL STUDIO 2012\PROJECTS\C++\ALLEGRO\VECTORASTEROIDS\VECTORASTEROIDS\RELEASE\EXPLOSION.OBJ
C:\DATA\USER\DOCUMENTS\VISUAL STUDIO 2012\PROJECTS\C++\ALLEGRO\VECTORASTEROIDS\VECTORASTEROIDS\RELEASE\ROCKCONTROLLER.OBJ
C:\DATA\USER\DOCUMENTS\VISUAL STUDIO 2012\PROJECTS\C++\ALLEGRO\VECTORASTEROIDS\VECTORASTEROIDS\RELEASE\ROCK.OBJ
C:\DATA\USER\DOCUMENTS\VISUAL STUDIO 2012\PROJECTS\C++\ALLEGRO\VECTORASTEROIDS\VECTORASTEROIDS\RELEASE\PLAYERSHOT.OBJ
C:\DATA\USER\DOCUMENTS\VISUAL STUDIO 2012\PROJECTS\C++\ALLEGRO\VECTORASTEROIDS\VECTORASTEROIDS\RELEASE\PLAYERCHECK.OBJ
C:\DATA\USER\DOCUMENTS\VISUAL STUDIO 2012\PROJECTS\C++\ALLEGRO\VECTORASTEROIDS\VECTORASTEROIDS\RELEASE\PLAYER.OBJ
C:\DATA\USER\DOCUMENTS\VISUAL STUDIO 2012\PROJECTS\C++\ALLEGRO\VECTORASTEROIDS\VECTORASTEROIDS\RELEASE\MEDIUMROCK.OBJ
C:\DATA\USER\DOCUMENTS\VISUAL STUDIO 2012\PROJECTS\C++\ALLEGRO\VECTORASTEROIDS\VECTORASTEROIDS\RELEASE\LARGEUFO.OBJ
C:\DATA\USER\DOCUMENTS\VISUAL STUDIO 2012\PROJECTS\C++\ALLEGRO\VECTORASTEROIDS\VECTORASTEROIDS\RELEASE\LARGEROCK.OBJ
C:\DATA\USER\DOCUMENTS\VISUAL STUDIO 2012\PROJECTS\C++\ALLEGRO\VECTORASTEROIDS\VECTORASTEROIDS\RELEASE\HUD.OBJ
C:\DATA\USER\DOCUMENTS\VISUAL STUDIO 2012\PROJECTS\C++\ALLEGRO\VECTORASTEROIDS\VECTORASTEROIDS\RELEASE\ENTITY.OBJ
C:\DATA\USER\DOCUMENTS\VISUAL STUDIO 2012\PROJECTS\C++\ALLEGRO\VECTORASTEROIDS\VECTORASTEROIDS\RELEASE\DOT.OBJ
C:\DATA\USER\DOCUMENTS\VISUAL STUDIO 2012\PROJECTS\C++\ALLEGRO\VECTORASTEROIDS\VECTORASTEROIDS\RELEASE\CONTROLLERS.OBJ
C:\DATA\USER\DOCUMENTS\VISUAL STUDIO 2012\PROJECTS\C++\ALLEGRO\VECTORASTEROIDS\VECTORASTEROIDS\RELEASE\VECTORASTEROIDS.OBJ
C:\DATA\USER\DOCUMENTS\VISUAL STUDIO 2012\PROJECTS\C++\ALLEGRO\VECTORASTEROIDS\VECTORASTEROIDS\RELEASE\VC110.PDB
C:\DATA\USER\DOCUMENTS\VISUAL STUDIO 2012\PROJECTS\C++\ALLEGRO\VECTORASTEROIDS\RELEASE\VECTORASTEROIDS.EXE
C:\DATA\USER\DOCUMENTS\VISUAL STUDIO 2012\PROJECTS\C++\ALLEGRO\VECTORASTEROIDS\RELEASE\VECTORASTEROIDS.PDB
C:\Data\User\Documents\Visual Studio 2012\Projects\C++\Allegro\VectorAsteroids\VectorAsteroids\Release\Controllers.obj
C:\Data\User\Documents\Visual Studio 2012\Projects\C++\Allegro\VectorAsteroids\VectorAsteroids\Release\Dot.obj
C:\Data\User\Documents\Visual Studio 2012\Projects\C++\Allegro\VectorAsteroids\VectorAsteroids\Release\Entity.obj
C:\Data\User\Documents\Visual Studio 2012\Projects\C++\Allegro\VectorAsteroids\VectorAsteroids\Release\Explosion.obj
C:\Data\User\Documents\Visual Studio 2012\Projects\C++\Allegro\VectorAsteroids\VectorAsteroids\Release\HUD.obj
C:\Data\User\Documents\Visual Studio 2012\Projects\C++\Allegro\VectorAsteroids\VectorAsteroids\Release\LargeRock.obj
C:\Data\User\Documents\Visual Studio 2012\Projects\C++\Allegro\VectorAsteroids\VectorAsteroids\Release\LargeUFO.obj
C:\Data\User\Documents\Visual Studio 2012\Projects\C++\Allegro\VectorAsteroids\VectorAsteroids\Release\MediumRock.obj
C:\Data\User\Documents\Visual Studio 2012\Projects\C++\Allegro\VectorAsteroids\VectorAsteroids\Release\Player.obj
C:\Data\User\Documents\Visual Studio 2012\Projects\C++\Allegro\VectorAsteroids\VectorAsteroids\Release\PlayerCheck.obj
C:\Data\User\Documents\Visual Studio 2012\Projects\C++\Allegro\VectorAsteroids\VectorAsteroids\Release\PlayerShot.obj
C:\Data\User\Documents\Visual Studio 2012\Projects\C++\Allegro\VectorAsteroids\VectorAsteroids\Release\Rock.obj
C:\Data\User\Documents\Visual Studio 2012\Projects\C++\Allegro\VectorAsteroids\VectorAsteroids\Release\RockController.obj
C:\Data\User\Documents\Visual Studio 2012\Projects\C++\Allegro\VectorAsteroids\VectorAsteroids\Release\Shot.obj
C:\Data\User\Documents\Visual Studio 2012\Projects\C++\Allegro\VectorAsteroids\VectorAsteroids\Release\SmallRock.obj
C:\Data\User\Documents\Visual Studio 2012\Projects\C++\Allegro\VectorAsteroids\VectorAsteroids\Release\SmallUFO.obj
C:\Data\User\Documents\Visual Studio 2012\Projects\C++\Allegro\VectorAsteroids\VectorAsteroids\Release\stdafx.obj
C:\Data\User\Documents\Visual Studio 2012\Projects\C++\Allegro\VectorAsteroids\VectorAsteroids\Release\UFO.obj
C:\Data\User\Documents\Visual Studio 2012\Projects\C++\Allegro\VectorAsteroids\VectorAsteroids\Release\UFOController.obj
C:\Data\User\Documents\Visual Studio 2012\Projects\C++\Allegro\VectorAsteroids\VectorAsteroids\Release\UFOShot.obj
C:\Data\User\Documents\Visual Studio 2012\Projects\C++\Allegro\VectorAsteroids\VectorAsteroids\Release\VectorAsteroids.obj
C:\Data\User\Documents\Visual Studio 2012\Projects\C++\Allegro\VectorAsteroids\VectorAsteroids\Release\cl.command.1.tlog
C:\Data\User\Documents\Visual Studio 2012\Projects\C++\Allegro\VectorAsteroids\VectorAsteroids\Release\CL.read.1.tlog
C:\Data\User\Documents\Visual Studio 2012\Projects\C++\Allegro\VectorAsteroids\VectorAsteroids\Release\CL.write.1.tlog
C:\Data\User\Documents\Visual Studio 2012\Projects\C++\Allegro\VectorAsteroids\VectorAsteroids\Release\link-cvtres.read.1.tlog
C:\Data\User\Documents\Visual Studio 2012\Projects\C++\Allegro\VectorAsteroids\VectorAsteroids\Release\link-cvtres.write.1.tlog
C:\Data\User\Documents\Visual Studio 2012\Projects\C++\Allegro\VectorAsteroids\VectorAsteroids\Release\link-rc.read.1.tlog
C:\Data\User\Documents\Visual Studio 2012\Projects\C++\Allegro\VectorAsteroids\VectorAsteroids\Release\link-rc.write.1.tlog
C:\Data\User\Documents\Visual Studio 2012\Projects\C++\Allegro\VectorAsteroids\VectorAsteroids\Release\link.command.1.tlog
C:\Data\User\Documents\Visual Studio 2012\Projects\C++\Allegro\VectorAsteroids\VectorAsteroids\Release\link.read.1.tlog
C:\Data\User\Documents\Visual Studio 2012\Projects\C++\Allegro\VectorAsteroids\VectorAsteroids\Release\link.write.1.tlog
C:\Data\User\Documents\Visual Studio 2012\Projects\C++\Allegro\VectorAsteroids\VectorAsteroids\Release\vc110.pdb
C:\Data\User\Documents\Visual Studio 2012\Projects\C++\Allegro\VectorAsteroids\Release\VectorAsteroids.pdb
C:\Data\User\Documents\Visual Studio 2012\Projects\C++\Allegro\VectorAsteroids\Release\VectorAsteroids.exe
