Build started 2/21/2013 9:11:32 PM.
     1>Project "C:\Data\User\Documents\Visual Studio 2012\Projects\C++\Allegro\VectorAsteroids\VectorAsteroids\VectorAsteroids.vcxproj" on node 2 (Build target(s)).
     1>ClCompile:
         C:\Program Files (x86)\Microsoft Visual Studio 11.0\VC\bin\CL.exe /c /I"C:\Data\User\Documents\Visual Studio 2012\allegro\include" /Zi /nologo /W3 /WX- /Ox /Oi /Ot /Oy- /GL /D WIN32 /D NDEBUG /D _CONSOLE /D _UNICODE /D UNICODE /Gm- /EHsc /MD /GS /Gy /arch:SSE2 /fp:precise /Zc:wchar_t /Zc:forScope /Fo"Release\\" /Fd"Release\vc110.pdb" /Gd /TP /analyze- /errorReport:prompt Dot.cpp LargeRock.cpp LargeUFO.cpp MediumRock.cpp Player.cpp Rock.cpp RockController.cpp SmallRock.cpp SmallUFO.cpp UFO.cpp UFOController.cpp VectorAsteroids.cpp
         Dot.cpp
         LargeRock.cpp
         LargeUFO.cpp
         MediumRock.cpp
         Player.cpp
         Rock.cpp
         RockController.cpp
     1>RockController.cpp(6): warning C4018: '<' : signed/unsigned mismatch
     1>RockController.cpp(17): warning C4018: '<' : signed/unsigned mismatch
     1>RockController.cpp(28): warning C4018: '<' : signed/unsigned mismatch
     1>RockController.cpp(42): warning C4018: '<' : signed/unsigned mismatch
     1>RockController.cpp(47): warning C4018: '<' : signed/unsigned mismatch
     1>RockController.cpp(52): warning C4018: '<' : signed/unsigned mismatch
     1>RockController.cpp(75): warning C4018: '<' : signed/unsigned mismatch
     1>RockController.cpp(100): warning C4018: '<' : signed/unsigned mismatch
     1>RockController.cpp(125): warning C4018: '<' : signed/unsigned mismatch
     1>RockController.cpp(211): warning C4018: '<' : signed/unsigned mismatch
     1>RockController.cpp(217): warning C4018: '<' : signed/unsigned mismatch
     1>RockController.cpp(223): warning C4018: '<' : signed/unsigned mismatch
     1>RockController.cpp(259): warning C4018: '<' : signed/unsigned mismatch
     1>RockController.cpp(269): warning C4018: '<' : signed/unsigned mismatch
     1>RockController.cpp(279): warning C4018: '<' : signed/unsigned mismatch
     1>RockController.cpp(327): warning C4018: '<' : signed/unsigned mismatch
     1>RockController.cpp(334): warning C4018: '<' : signed/unsigned mismatch
     1>RockController.cpp(341): warning C4018: '<' : signed/unsigned mismatch
         SmallRock.cpp
         SmallUFO.cpp
         UFO.cpp
         UFOController.cpp
         VectorAsteroids.cpp
       Link:
         C:\Program Files (x86)\Microsoft Visual Studio 11.0\VC\bin\link.exe /ERRORREPORT:PROMPT /OUT:"C:\Data\User\Documents\Visual Studio 2012\Projects\C++\Allegro\VectorAsteroids\Release\VectorAsteroids.exe" /INCREMENTAL:NO /NOLOGO /LIBPATH:"C:\Data\User\Documents\Visual Studio 2012\allegro\lib" "allegro-5.0.8-md.lib" "allegro_ttf-5.0.8-md.lib" "allegro_primitives-5.0.8-md.lib" "allegro_font-5.0.8-md.lib" "allegro_acodec-5.0.8-md.lib" "allegro_audio-5.0.8-md.lib" kernel32.lib user32.lib gdi32.lib winspool.lib comdlg32.lib advapi32.lib shell32.lib ole32.lib oleaut32.lib uuid.lib odbc32.lib odbccp32.lib /MANIFEST /MANIFESTUAC:"level='asInvoker' uiAccess='false'" /manifest:embed /DEBUG /PDB:"C:\Data\User\Documents\Visual Studio 2012\Projects\C++\Allegro\VectorAsteroids\Release\VectorAsteroids.pdb" /SUBSYSTEM:WINDOWS /OPT:REF /OPT:ICF /LTCG /TLBID:1 /DYNAMICBASE /NXCOMPAT /IMPLIB:"C:\Data\User\Documents\Visual Studio 2012\Projects\C++\Allegro\VectorAsteroids\Release\VectorAsteroids.lib" /MACHINE:X86 /SAFESEH Release\Controllers.obj
         Release\Dot.obj
         Release\Entity.obj
         Release\HUD.obj
         Release\LargeRock.obj
         Release\LargeUFO.obj
         Release\MediumRock.obj
         Release\Player.obj
         Release\PlayerCheck.obj
         Release\PlayerShot.obj
         Release\Rock.obj
         Release\RockController.obj
         Release\Explosion.obj
         Release\Shot.obj
         Release\SmallRock.obj
         Release\SmallUFO.obj
         Release\stdafx.obj
         Release\UFO.obj
         Release\UFOController.obj
         Release\UFOShot.obj
         Release\VectorAsteroids.obj
         Generating code
         Finished generating code
         VectorAsteroids.vcxproj -> C:\Data\User\Documents\Visual Studio 2012\Projects\C++\Allegro\VectorAsteroids\Release\VectorAsteroids.exe
     1>Done Building Project "C:\Data\User\Documents\Visual Studio 2012\Projects\C++\Allegro\VectorAsteroids\VectorAsteroids\VectorAsteroids.vcxproj" (Build target(s)).

Build succeeded.

Time Elapsed 00:00:29.91
